<?xml version="1.0" encoding="UTF-8"?>
<!-- Generated by org.testng.reporters.JUnitXMLReporter -->
<testsuite hostname="INBLRWIT247622" ignored="1" name="Manage" tests="1" failures="0" timestamp="15 Sep 2020 14:23:09 GMT" time="80.445" errors="0">
  <testcase name="TC1_verifyManageScreen" time="75.694" classname="com.volvo.lisa.test.Manage_TC"/>
  <testcase name="TC2_Sample" time="0.0" classname="com.volvo.lisa.test.Manage_TC">
    <ignored/>
  </testcase> <!-- TC2_Sample -->
</testsuite> <!-- Manage -->
