<?xml version="1.0" encoding="UTF-8"?>
<!-- Generated by org.testng.reporters.JUnitXMLReporter -->
<testsuite hostname="INBLRWIT247622" ignored="0" name="SmokeTest" tests="4" failures="0" timestamp="22 Oct 2020 06:32:46 GMT" time="203.614" errors="0">
  <testcase name="TC1_verifyManageScreen" time="61.797" classname="com.volvo.lisa.test.Manage_TC"/>
  <testcase name="TC2_verifyCorrectionsScreen" time="47.538" classname="com.volvo.lisa.test.Manage_TC"/>
  <testcase name="TC3_verifyStandardPartsScreen" time="52.761" classname="com.volvo.lisa.test.Manage_TC"/>
  <testcase name="TC4_verifySearchScreen" time="36.554" classname="com.volvo.lisa.test.Manage_TC"/>
</testsuite> <!-- SmokeTest -->
